0 info it worked if it ends with ok
1 verbose cli [ 'C:\\nodejs\\node.exe',
1 verbose cli   'C:\\nodejs\\node_modules\\npm\\bin\\npm-cli.js',
1 verbose cli   'install',
1 verbose cli   'express',
1 verbose cli   '=save' ]
2 info using npm@2.15.9
3 info using node@v4.6.0
4 verbose install initial load of C:\Users\thiago.aires.LOOPIX\Desktop\Alura\package.json
5 warn package.json gulpteste@0.0.0 No description
6 verbose readDependencies loading dependencies from C:\Users\thiago.aires.LOOPIX\Desktop\Alura\package.json
7 silly cache add args [ 'express', null ]
8 verbose cache add spec express
9 silly cache add args [ '=save', null ]
10 verbose cache add spec =save
11 silly cache add parsed spec Result {
11 silly cache add   raw: 'express',
11 silly cache add   scope: null,
11 silly cache add   name: 'express',
11 silly cache add   rawSpec: '',
11 silly cache add   spec: 'latest',
11 silly cache add   type: 'tag' }
12 silly addNamed express@latest
13 verbose addNamed "latest" is being treated as a dist-tag for express
14 info addNameTag [ 'express', 'latest' ]
15 silly mapToRegistry name express
16 silly mapToRegistry using default registry
17 silly mapToRegistry registry https://registry.npmjs.org/
18 silly mapToRegistry data Result {
18 silly mapToRegistry   raw: 'express',
18 silly mapToRegistry   scope: null,
18 silly mapToRegistry   name: 'express',
18 silly mapToRegistry   rawSpec: '',
18 silly mapToRegistry   spec: 'latest',
18 silly mapToRegistry   type: 'tag' }
19 silly mapToRegistry uri https://registry.npmjs.org/express
20 verbose addNameTag registry:https://registry.npmjs.org/express not in flight; fetching
21 silly cache add parsed spec Result {
21 silly cache add   raw: '=save',
21 silly cache add   scope: null,
21 silly cache add   name: null,
21 silly cache add   rawSpec: '=save',
21 silly cache add   spec: 'C:\\Users\\thiago.aires.LOOPIX\\Desktop\\Alura\\alura-node\\=save',
21 silly cache add   type: 'local' }
22 error addLocal Could not install C:\Users\thiago.aires.LOOPIX\Desktop\Alura\alura-node\=save
23 verbose request uri https://registry.npmjs.org/express
24 verbose request no auth needed
25 info attempt registry request try #1 at 15:51:42
26 verbose request id 1f1984d252552992
27 verbose etag "58LSHYOZGT2M1H9HKYYKUHEHB"
28 http request GET https://registry.npmjs.org/express
29 http 304 https://registry.npmjs.org/express
30 verbose headers { date: 'Wed, 05 Oct 2016 18:52:03 GMT',
30 verbose headers   via: '1.1 varnish',
30 verbose headers   'cache-control': 'max-age=300',
30 verbose headers   etag: '"58LSHYOZGT2M1H9HKYYKUHEHB"',
30 verbose headers   age: '218',
30 verbose headers   connection: 'keep-alive',
30 verbose headers   'x-served-by': 'cache-gru7123-GRU',
30 verbose headers   'x-cache': 'HIT',
30 verbose headers   'x-cache-hits': '4',
30 verbose headers   'x-timer': 'S1475693523.122588,VS0,VE0',
30 verbose headers   vary: 'Accept-Encoding' }
31 silly get cb [ 304,
31 silly get   { date: 'Wed, 05 Oct 2016 18:52:03 GMT',
31 silly get     via: '1.1 varnish',
31 silly get     'cache-control': 'max-age=300',
31 silly get     etag: '"58LSHYOZGT2M1H9HKYYKUHEHB"',
31 silly get     age: '218',
31 silly get     connection: 'keep-alive',
31 silly get     'x-served-by': 'cache-gru7123-GRU',
31 silly get     'x-cache': 'HIT',
31 silly get     'x-cache-hits': '4',
31 silly get     'x-timer': 'S1475693523.122588,VS0,VE0',
31 silly get     vary: 'Accept-Encoding' } ]
32 verbose etag https://registry.npmjs.org/express from cache
33 verbose get saving express to C:\Users\thiago.aires.LOOPIX\AppData\Roaming\npm-cache\registry.npmjs.org\express\.cache.json
34 verbose correctMkdir C:\Users\thiago.aires.LOOPIX\AppData\Roaming\npm-cache correctMkdir not in flight; initializing
35 silly addNameTag next cb for express with tag latest
36 silly addNamed express@4.14.0
37 verbose addNamed "4.14.0" is a plain semver version for express
38 silly cache afterAdd express@4.14.0
39 verbose afterAdd C:\Users\thiago.aires.LOOPIX\AppData\Roaming\npm-cache\express\4.14.0\package\package.json not in flight; writing
40 verbose correctMkdir C:\Users\thiago.aires.LOOPIX\AppData\Roaming\npm-cache correctMkdir not in flight; initializing
41 verbose afterAdd C:\Users\thiago.aires.LOOPIX\AppData\Roaming\npm-cache\express\4.14.0\package\package.json written
42 verbose stack Error: ENOENT: no such file or directory, open 'C:\Users\thiago.aires.LOOPIX\Desktop\Alura\alura-node\=save'
42 verbose stack     at Error (native)
43 verbose cwd C:\Users\thiago.aires.LOOPIX\Desktop\Alura\alura-node
44 error Windows_NT 10.0.14393
45 error argv "C:\\nodejs\\node.exe" "C:\\nodejs\\node_modules\\npm\\bin\\npm-cli.js" "install" "express" "=save"
46 error node v4.6.0
47 error npm  v2.15.9
48 error path C:\Users\thiago.aires.LOOPIX\Desktop\Alura\alura-node\=save
49 error code ENOENT
50 error errno -4058
51 error syscall open
52 error enoent ENOENT: no such file or directory, open 'C:\Users\thiago.aires.LOOPIX\Desktop\Alura\alura-node\=save'
52 error enoent This is most likely not a problem with npm itself
52 error enoent and is related to npm not being able to find a file.
53 verbose exit [ -4058, true ]
